

Version:	3.14
CmdLine:	C:\f1-distributed-system\f1-client-app-distributed-system\l4j\f1-client-app.exe --l4j-debug
WOW64:		yes
Working dir:	C:\f1-distributed-system\f1-client-app-distributed-system\l4j\.
Java min ver:	1.008.000
Java max ver:	1.011.000
64-bit search:	SOFTWARE\JavaSoft\Java Runtime Environment...
Check:		SOFTWARE\JavaSoft\Java Runtime Environment\1.8
Check launcher:	C:\Program Files\Java\jre1.8.0_311\bin\javaw.exe (OK)
Match:		1.008.000
Check:		SOFTWARE\JavaSoft\Java Runtime Environment\1.8.0_311
Check launcher:	C:\Program Files\Java\jre1.8.0_311\bin\javaw.exe (OK)
Match:		1.008.000_311
64-bit search:	SOFTWARE\JavaSoft\Java Development Kit...
64-bit search:	SOFTWARE\JavaSoft\JRE...
64-bit search:	SOFTWARE\JavaSoft\JDK...
Check:		SOFTWARE\JavaSoft\JDK\11.0.11
Ignore:		1.011.000_011
Runtime used:	1.008.000_311 (64-bit)
Launcher:	C:\Program Files\Java\jre1.8.0_311\bin\javaw.exe
Launcher args:	-jar "C:\f1-distributed-system\f1-client-app-distributed-system\l4j\f1-client-app.exe"
Args length:	86/32768 chars
Exit code:	0


Version:	3.14
CmdLine:	C:\f1-distributed-system\f1-client-app-distributed-system\l4j\f1-client-app.exe --l4j-debug
WOW64:		yes
Working dir:	C:\f1-distributed-system\f1-client-app-distributed-system\l4j\.
Java min ver:	1.008.000
Java max ver:	1.011.000
64-bit search:	SOFTWARE\JavaSoft\Java Runtime Environment...
Check:		SOFTWARE\JavaSoft\Java Runtime Environment\1.8
Check launcher:	C:\Program Files\Java\jre1.8.0_311\bin\javaw.exe (OK)
Match:		1.008.000
Check:		SOFTWARE\JavaSoft\Java Runtime Environment\1.8.0_311
Check launcher:	C:\Program Files\Java\jre1.8.0_311\bin\javaw.exe (OK)
Match:		1.008.000_311
64-bit search:	SOFTWARE\JavaSoft\Java Development Kit...
64-bit search:	SOFTWARE\JavaSoft\JRE...
64-bit search:	SOFTWARE\JavaSoft\JDK...
Check:		SOFTWARE\JavaSoft\JDK\11.0.11
Ignore:		1.011.000_011
Runtime used:	1.008.000_311 (64-bit)
Main class:	com.f1distributedsystem.f1clientapp.F1ClientAppApplication
Add classpath:	spring-boot-starter-data-rest-2.6.5.jar
Add classpath:	spring-boot-starter-web-2.6.5.jar
Add classpath:	spring-boot-starter-json-2.6.5.jar
Add classpath:	jackson-datatype-jdk8-2.13.2.jar
Add classpath:	jackson-datatype-jsr310-2.13.2.jar
Add classpath:	jackson-module-parameter-names-2.13.2.jar
Add classpath:	spring-boot-starter-tomcat-2.6.5.jar
Add classpath:	tomcat-embed-core-9.0.60.jar
Add classpath:	tomcat-embed-el-9.0.60.jar
Add classpath:	tomcat-embed-websocket-9.0.60.jar
Add classpath:	spring-web-5.3.17.jar
Add classpath:	spring-beans-5.3.17.jar
Add classpath:	spring-webmvc-5.3.17.jar
Add classpath:	spring-aop-5.3.17.jar
Add classpath:	spring-context-5.3.17.jar
Add classpath:	spring-expression-5.3.17.jar
Add classpath:	spring-data-rest-webmvc-3.6.3.jar
Add classpath:	spring-data-rest-core-3.6.3.jar
Add classpath:	spring-tx-5.3.17.jar
Add classpath:	spring-hateoas-1.4.1.jar
Add classpath:	spring-data-commons-2.6.3.jar
Add classpath:	spring-plugin-core-2.0.0.RELEASE.jar
Add classpath:	evo-inflector-1.3.jar
Add classpath:	jackson-databind-2.13.2.jar
Add classpath:	jackson-core-2.13.2.jar
Add classpath:	jackson-annotations-2.13.2.jar
Add classpath:	slf4j-api-1.7.36.jar
Add classpath:	httpclient-4.5.10.jar
Add classpath:	httpcore-4.4.15.jar
Add classpath:	commons-codec-1.15.jar
Add classpath:	spring-boot-starter-2.6.5.jar
Add classpath:	spring-boot-2.6.5.jar
Add classpath:	spring-boot-autoconfigure-2.6.5.jar
Add classpath:	spring-boot-starter-logging-2.6.5.jar
Add classpath:	logback-classic-1.2.11.jar
Add classpath:	logback-core-1.2.11.jar
Add classpath:	log4j-to-slf4j-2.17.2.jar
Add classpath:	log4j-api-2.17.2.jar
Add classpath:	jul-to-slf4j-1.7.36.jar
Add classpath:	jakarta.annotation-api-1.3.5.jar
Add classpath:	snakeyaml-1.29.jar
Add classpath:	json-path-2.6.0.jar
Add classpath:	json-smart-2.4.8.jar
Add classpath:	accessors-smart-2.4.8.jar
Add classpath:	asm-9.1.jar
Add classpath:	spring-core-5.3.17.jar
Add classpath:	spring-jcl-5.3.17.jar
Add classpath:	javafx-graphics-17.0.2-ea+1.jar
Add classpath:	javafx-graphics-17.0.2-ea+1-win.jar
Add classpath:	javafx-base-17.0.2-ea+1.jar
Add classpath:	javafx-base-17.0.2-ea+1-win.jar
Add classpath:	javafx-fxml-11.0.1.jar
Add classpath:	javafx-fxml-11.0.1-win.jar
Add classpath:	javafx-controls-11.0.1.jar
Add classpath:	javafx-controls-11.0.1-win.jar
Add classpath:	javafx-weaver-spring-boot-starter-1.3.0.jar
Add classpath:	javafx-weaver-spring-1.3.0.jar
Add classpath:	javafx-weaver-core-1.3.0.jar
Add classpath:	javafx-weaver-spring-boot-autoconfigure-1.3.0.jar
Add classpath:	poi-4.1.2.jar
Add classpath:	commons-collections4-4.4.jar
Add classpath:	commons-math3-3.6.1.jar
Add classpath:	SparseBitSet-1.2.jar
Add classpath:	poi-ooxml-4.1.2.jar
Add classpath:	poi-ooxml-schemas-4.1.2.jar
Add classpath:	xmlbeans-3.1.0.jar
Add classpath:	commons-compress-1.19.jar
Add classpath:	curvesapi-1.06.jar
Add classpath:	netty-all-4.1.51.Final.jar
Add classpath:	netty-transport-4.1.59.Final.jar
Add classpath:	netty-common-4.1.75.Final.jar
Add classpath:	netty-buffer-4.1.75.Final.jar
Add classpath:	netty-resolver-4.1.75.Final.jar
Launcher:	C:\Program Files\Java\jre1.8.0_311\bin\javaw.exe
Launcher args:	-classpath "C:\f1-distributed-system\f1-client-app-distributed-system\l4j\f1-client-app.exe;spring-boot-starter-data-rest-2.6.5.jar;spring-boot-starter-web-2.6.5.jar;spring-boot-starter-json-2.6.5.jar;jackson-datatype-jdk8-2.13.2.jar;jackson-datatype-jsr310-2.13.2.jar;jackson-module-parameter-names-2.13.2.jar;spring-boot-starter-tomcat-2.6.5.jar;tomcat-embed-core-9.0.60.jar;tomcat-embed-el-9.0.60.jar;tomcat-embed-websocket-9.0.60.jar;spring-web-5.3.17.jar;spring-beans-5.3.17.jar;spring-webmvc-5.3.17.jar;spring-aop-5.3.17.jar;spring-context-5.3.17.jar;spring-expression-5.3.17.jar;spring-data-rest-webmvc-3.6.3.jar;spring-data-rest-core-3.6.3.jar;spring-tx-5.3.17.jar;spring-hateoas-1.4.1.jar;spring-data-commons-2.6.3.jar;spring-plugin-core-2.0.0.RELEASE.jar;evo-inflector-1.3.jar;jackson-databind-2.13.2.jar;jackson-core-2.13.2.jar;jackson-annotations-2.13.2.jar;slf4j-api-1.7.36.jar;httpclient-4.5.10.jar;httpcore-4.4.15.jar;commons-codec-1.15.jar;spring-boot-starter-2.6.5.jar;spring-boot-2.6.5.jar;spring-boot-autoconfigure-2.6.5.jar;spring-boot-starter-logging-2.6.5.jar;logback-classic-1.2.11.jar;logback-core-1.2.11.jar;log4j-to-slf4j-2.17.2.jar;log4j-api-2.17.2.jar;jul-to-slf4j-1.7.36.jar;jakarta.annotation-api-1.3.5.jar;snakeyaml-1.29.jar;json-path-2.6.0.jar;json-smart-2.4.8.jar;accessors-smart-2.4.8.jar;asm-9.1.jar;spring-core-5.3.17.jar;spring-jcl-5.3.17.jar;javafx-graphics-17.0.2-ea+1.jar;javafx-graphics-17.0.2-ea+1-win.jar;javafx-base-17.0.2-ea+1.jar;javafx-base-17.0.2-ea+1-win.jar;javafx-fxml-11.0.1.jar;javafx-fxml-11.0.1-win.jar;javafx-controls-11.0.1.jar;javafx-controls-11.0.1-win.jar;javafx-weaver-spring-boot-starter-1.3.0.jar;javafx-weaver-spring-1.3.0.jar;javafx-weaver-core-1.3.0.jar;javafx-weaver-spring-boot-autoconfigure-1.3.0.jar;poi-4.1.2.jar;commons-collections4-4.4.jar;commons-math3-3.6.1.jar;SparseBitSet-1.2.jar;poi-ooxml-4.1.2.jar;poi-ooxml-schemas-4.1.2.jar;xmlbeans-3.1.0.jar;commons-compress-1.19.jar;curvesapi-1.06.jar;netty-all-4.1.51.Final.jar;netty-transport-4.1.59.Final.jar;netty-common-4.1.75.Final.jar;netty-buffer-4.1.75.Final.jar;netty-resolver-4.1.75.Final.jar" com.f1distributedsystem.f1clientapp.F1ClientAppApplication
Args length:	2181/32768 chars
Exit code:	0


Version:	3.14
CmdLine:	C:\f1-distributed-system\f1-client-app-distributed-system\l4j\f1-client-app.exe --l4j-debug
WOW64:		yes
Working dir:	C:\f1-distributed-system\f1-client-app-distributed-system\l4j\.
Java min ver:	1.008.000
Java max ver:	1.011.000
64-bit search:	SOFTWARE\JavaSoft\Java Runtime Environment...
Check:		SOFTWARE\JavaSoft\Java Runtime Environment\1.8
Check launcher:	C:\Program Files\Java\jre1.8.0_311\bin\javaw.exe (OK)
Match:		1.008.000
Check:		SOFTWARE\JavaSoft\Java Runtime Environment\1.8.0_311
Check launcher:	C:\Program Files\Java\jre1.8.0_311\bin\javaw.exe (OK)
Match:		1.008.000_311
64-bit search:	SOFTWARE\JavaSoft\Java Development Kit...
64-bit search:	SOFTWARE\JavaSoft\JRE...
64-bit search:	SOFTWARE\JavaSoft\JDK...
Check:		SOFTWARE\JavaSoft\JDK\11.0.11
Ignore:		1.011.000_011
Runtime used:	1.008.000_311 (64-bit)
Main class:	com.f1distributedsystem.f1clientapp.F1ClientAppApplication
Add classpath:	spring-boot-starter-data-rest-2.6.5.jar
Add classpath:	spring-boot-starter-web-2.6.5.jar
Add classpath:	spring-boot-starter-json-2.6.5.jar
Add classpath:	jackson-datatype-jdk8-2.13.2.jar
Add classpath:	jackson-datatype-jsr310-2.13.2.jar
Add classpath:	jackson-module-parameter-names-2.13.2.jar
Add classpath:	spring-boot-starter-tomcat-2.6.5.jar
Add classpath:	tomcat-embed-core-9.0.60.jar
Add classpath:	tomcat-embed-el-9.0.60.jar
Add classpath:	tomcat-embed-websocket-9.0.60.jar
Add classpath:	spring-web-5.3.17.jar
Add classpath:	spring-beans-5.3.17.jar
Add classpath:	spring-webmvc-5.3.17.jar
Add classpath:	spring-aop-5.3.17.jar
Add classpath:	spring-context-5.3.17.jar
Add classpath:	spring-expression-5.3.17.jar
Add classpath:	spring-data-rest-webmvc-3.6.3.jar
Add classpath:	spring-data-rest-core-3.6.3.jar
Add classpath:	spring-tx-5.3.17.jar
Add classpath:	spring-hateoas-1.4.1.jar
Add classpath:	spring-data-commons-2.6.3.jar
Add classpath:	spring-plugin-core-2.0.0.RELEASE.jar
Add classpath:	evo-inflector-1.3.jar
Add classpath:	jackson-databind-2.13.2.jar
Add classpath:	jackson-core-2.13.2.jar
Add classpath:	jackson-annotations-2.13.2.jar
Add classpath:	slf4j-api-1.7.36.jar
Add classpath:	httpclient-4.5.10.jar
Add classpath:	httpcore-4.4.15.jar
Add classpath:	commons-codec-1.15.jar
Add classpath:	spring-boot-starter-2.6.5.jar
Add classpath:	spring-boot-2.6.5.jar
Add classpath:	spring-boot-autoconfigure-2.6.5.jar
Add classpath:	spring-boot-starter-logging-2.6.5.jar
Add classpath:	logback-classic-1.2.11.jar
Add classpath:	logback-core-1.2.11.jar
Add classpath:	log4j-to-slf4j-2.17.2.jar
Add classpath:	log4j-api-2.17.2.jar
Add classpath:	jul-to-slf4j-1.7.36.jar
Add classpath:	jakarta.annotation-api-1.3.5.jar
Add classpath:	snakeyaml-1.29.jar
Add classpath:	json-path-2.6.0.jar
Add classpath:	json-smart-2.4.8.jar
Add classpath:	accessors-smart-2.4.8.jar
Add classpath:	asm-9.1.jar
Add classpath:	spring-core-5.3.17.jar
Add classpath:	spring-jcl-5.3.17.jar
Add classpath:	javafx-graphics-17.0.2-ea+1.jar
Add classpath:	javafx-graphics-17.0.2-ea+1-win.jar
Add classpath:	javafx-base-17.0.2-ea+1.jar
Add classpath:	javafx-base-17.0.2-ea+1-win.jar
Add classpath:	javafx-fxml-11.0.1.jar
Add classpath:	javafx-fxml-11.0.1-win.jar
Add classpath:	javafx-controls-11.0.1.jar
Add classpath:	javafx-controls-11.0.1-win.jar
Add classpath:	javafx-weaver-spring-boot-starter-1.3.0.jar
Add classpath:	javafx-weaver-spring-1.3.0.jar
Add classpath:	javafx-weaver-core-1.3.0.jar
Add classpath:	javafx-weaver-spring-boot-autoconfigure-1.3.0.jar
Add classpath:	poi-4.1.2.jar
Add classpath:	commons-collections4-4.4.jar
Add classpath:	commons-math3-3.6.1.jar
Add classpath:	SparseBitSet-1.2.jar
Add classpath:	poi-ooxml-4.1.2.jar
Add classpath:	poi-ooxml-schemas-4.1.2.jar
Add classpath:	xmlbeans-3.1.0.jar
Add classpath:	commons-compress-1.19.jar
Add classpath:	curvesapi-1.06.jar
Add classpath:	netty-all-4.1.51.Final.jar
Add classpath:	netty-transport-4.1.59.Final.jar
Add classpath:	netty-common-4.1.75.Final.jar
Add classpath:	netty-buffer-4.1.75.Final.jar
Add classpath:	netty-resolver-4.1.75.Final.jar
Launcher:	C:\Program Files\Java\jre1.8.0_311\bin\javaw.exe
Launcher args:	-classpath "C:\f1-distributed-system\f1-client-app-distributed-system\l4j\f1-client-app.exe;spring-boot-starter-data-rest-2.6.5.jar;spring-boot-starter-web-2.6.5.jar;spring-boot-starter-json-2.6.5.jar;jackson-datatype-jdk8-2.13.2.jar;jackson-datatype-jsr310-2.13.2.jar;jackson-module-parameter-names-2.13.2.jar;spring-boot-starter-tomcat-2.6.5.jar;tomcat-embed-core-9.0.60.jar;tomcat-embed-el-9.0.60.jar;tomcat-embed-websocket-9.0.60.jar;spring-web-5.3.17.jar;spring-beans-5.3.17.jar;spring-webmvc-5.3.17.jar;spring-aop-5.3.17.jar;spring-context-5.3.17.jar;spring-expression-5.3.17.jar;spring-data-rest-webmvc-3.6.3.jar;spring-data-rest-core-3.6.3.jar;spring-tx-5.3.17.jar;spring-hateoas-1.4.1.jar;spring-data-commons-2.6.3.jar;spring-plugin-core-2.0.0.RELEASE.jar;evo-inflector-1.3.jar;jackson-databind-2.13.2.jar;jackson-core-2.13.2.jar;jackson-annotations-2.13.2.jar;slf4j-api-1.7.36.jar;httpclient-4.5.10.jar;httpcore-4.4.15.jar;commons-codec-1.15.jar;spring-boot-starter-2.6.5.jar;spring-boot-2.6.5.jar;spring-boot-autoconfigure-2.6.5.jar;spring-boot-starter-logging-2.6.5.jar;logback-classic-1.2.11.jar;logback-core-1.2.11.jar;log4j-to-slf4j-2.17.2.jar;log4j-api-2.17.2.jar;jul-to-slf4j-1.7.36.jar;jakarta.annotation-api-1.3.5.jar;snakeyaml-1.29.jar;json-path-2.6.0.jar;json-smart-2.4.8.jar;accessors-smart-2.4.8.jar;asm-9.1.jar;spring-core-5.3.17.jar;spring-jcl-5.3.17.jar;javafx-graphics-17.0.2-ea+1.jar;javafx-graphics-17.0.2-ea+1-win.jar;javafx-base-17.0.2-ea+1.jar;javafx-base-17.0.2-ea+1-win.jar;javafx-fxml-11.0.1.jar;javafx-fxml-11.0.1-win.jar;javafx-controls-11.0.1.jar;javafx-controls-11.0.1-win.jar;javafx-weaver-spring-boot-starter-1.3.0.jar;javafx-weaver-spring-1.3.0.jar;javafx-weaver-core-1.3.0.jar;javafx-weaver-spring-boot-autoconfigure-1.3.0.jar;poi-4.1.2.jar;commons-collections4-4.4.jar;commons-math3-3.6.1.jar;SparseBitSet-1.2.jar;poi-ooxml-4.1.2.jar;poi-ooxml-schemas-4.1.2.jar;xmlbeans-3.1.0.jar;commons-compress-1.19.jar;curvesapi-1.06.jar;netty-all-4.1.51.Final.jar;netty-transport-4.1.59.Final.jar;netty-common-4.1.75.Final.jar;netty-buffer-4.1.75.Final.jar;netty-resolver-4.1.75.Final.jar" com.f1distributedsystem.f1clientapp.F1ClientAppApplication
Args length:	2181/32768 chars
Exit code:	0


Version:	3.14
CmdLine:	C:\f1-distributed-system\f1-client-app-distributed-system\l4j\f1-client-app.exe --l4j-debug
WOW64:		yes
Working dir:	C:\f1-distributed-system\f1-client-app-distributed-system\l4j\.
Java min ver:	1.008.000
Java max ver:	1.011.000
64-bit search:	SOFTWARE\JavaSoft\Java Runtime Environment...
Check:		SOFTWARE\JavaSoft\Java Runtime Environment\1.8
Check launcher:	C:\Program Files\Java\jre1.8.0_311\bin\javaw.exe (OK)
Match:		1.008.000
Check:		SOFTWARE\JavaSoft\Java Runtime Environment\1.8.0_311
Check launcher:	C:\Program Files\Java\jre1.8.0_311\bin\javaw.exe (OK)
Match:		1.008.000_311
64-bit search:	SOFTWARE\JavaSoft\Java Development Kit...
64-bit search:	SOFTWARE\JavaSoft\JRE...
64-bit search:	SOFTWARE\JavaSoft\JDK...
Check:		SOFTWARE\JavaSoft\JDK\11.0.11
Ignore:		1.011.000_011
Runtime used:	1.008.000_311 (64-bit)
Main class:	com.f1distributedsystem.f1clientapp.F1ClientAppApplication
Add classpath:	spring-boot-starter-data-rest-2.6.5.jar
Add classpath:	spring-boot-starter-web-2.6.5.jar
Add classpath:	spring-boot-starter-json-2.6.5.jar
Add classpath:	jackson-datatype-jdk8-2.13.2.jar
Add classpath:	jackson-datatype-jsr310-2.13.2.jar
Add classpath:	jackson-module-parameter-names-2.13.2.jar
Add classpath:	spring-boot-starter-tomcat-2.6.5.jar
Add classpath:	tomcat-embed-core-9.0.60.jar
Add classpath:	tomcat-embed-el-9.0.60.jar
Add classpath:	tomcat-embed-websocket-9.0.60.jar
Add classpath:	spring-web-5.3.17.jar
Add classpath:	spring-beans-5.3.17.jar
Add classpath:	spring-webmvc-5.3.17.jar
Add classpath:	spring-aop-5.3.17.jar
Add classpath:	spring-context-5.3.17.jar
Add classpath:	spring-expression-5.3.17.jar
Add classpath:	spring-data-rest-webmvc-3.6.3.jar
Add classpath:	spring-data-rest-core-3.6.3.jar
Add classpath:	spring-tx-5.3.17.jar
Add classpath:	spring-hateoas-1.4.1.jar
Add classpath:	spring-data-commons-2.6.3.jar
Add classpath:	spring-plugin-core-2.0.0.RELEASE.jar
Add classpath:	evo-inflector-1.3.jar
Add classpath:	jackson-databind-2.13.2.jar
Add classpath:	jackson-core-2.13.2.jar
Add classpath:	jackson-annotations-2.13.2.jar
Add classpath:	slf4j-api-1.7.36.jar
Add classpath:	httpclient-4.5.10.jar
Add classpath:	httpcore-4.4.15.jar
Add classpath:	commons-codec-1.15.jar
Add classpath:	spring-boot-starter-2.6.5.jar
Add classpath:	spring-boot-2.6.5.jar
Add classpath:	spring-boot-autoconfigure-2.6.5.jar
Add classpath:	spring-boot-starter-logging-2.6.5.jar
Add classpath:	logback-classic-1.2.11.jar
Add classpath:	logback-core-1.2.11.jar
Add classpath:	log4j-to-slf4j-2.17.2.jar
Add classpath:	log4j-api-2.17.2.jar
Add classpath:	jul-to-slf4j-1.7.36.jar
Add classpath:	jakarta.annotation-api-1.3.5.jar
Add classpath:	snakeyaml-1.29.jar
Add classpath:	json-path-2.6.0.jar
Add classpath:	json-smart-2.4.8.jar
Add classpath:	accessors-smart-2.4.8.jar
Add classpath:	asm-9.1.jar
Add classpath:	spring-core-5.3.17.jar
Add classpath:	spring-jcl-5.3.17.jar
Add classpath:	javafx-graphics-17.0.2-ea+1.jar
Add classpath:	javafx-graphics-17.0.2-ea+1-win.jar
Add classpath:	javafx-base-17.0.2-ea+1.jar
Add classpath:	javafx-base-17.0.2-ea+1-win.jar
Add classpath:	javafx-fxml-11.0.1.jar
Add classpath:	javafx-fxml-11.0.1-win.jar
Add classpath:	javafx-controls-11.0.1.jar
Add classpath:	javafx-controls-11.0.1-win.jar
Add classpath:	javafx-weaver-spring-boot-starter-1.3.0.jar
Add classpath:	javafx-weaver-spring-1.3.0.jar
Add classpath:	javafx-weaver-core-1.3.0.jar
Add classpath:	javafx-weaver-spring-boot-autoconfigure-1.3.0.jar
Add classpath:	poi-4.1.2.jar
Add classpath:	commons-collections4-4.4.jar
Add classpath:	commons-math3-3.6.1.jar
Add classpath:	SparseBitSet-1.2.jar
Add classpath:	poi-ooxml-4.1.2.jar
Add classpath:	poi-ooxml-schemas-4.1.2.jar
Add classpath:	xmlbeans-3.1.0.jar
Add classpath:	commons-compress-1.19.jar
Add classpath:	curvesapi-1.06.jar
Add classpath:	netty-all-4.1.51.Final.jar
Add classpath:	netty-transport-4.1.59.Final.jar
Add classpath:	netty-common-4.1.75.Final.jar
Add classpath:	netty-buffer-4.1.75.Final.jar
Add classpath:	netty-resolver-4.1.75.Final.jar
Launcher:	C:\Program Files\Java\jre1.8.0_311\bin\javaw.exe
Launcher args:	-classpath "C:\f1-distributed-system\f1-client-app-distributed-system\l4j\f1-client-app.exe;spring-boot-starter-data-rest-2.6.5.jar;spring-boot-starter-web-2.6.5.jar;spring-boot-starter-json-2.6.5.jar;jackson-datatype-jdk8-2.13.2.jar;jackson-datatype-jsr310-2.13.2.jar;jackson-module-parameter-names-2.13.2.jar;spring-boot-starter-tomcat-2.6.5.jar;tomcat-embed-core-9.0.60.jar;tomcat-embed-el-9.0.60.jar;tomcat-embed-websocket-9.0.60.jar;spring-web-5.3.17.jar;spring-beans-5.3.17.jar;spring-webmvc-5.3.17.jar;spring-aop-5.3.17.jar;spring-context-5.3.17.jar;spring-expression-5.3.17.jar;spring-data-rest-webmvc-3.6.3.jar;spring-data-rest-core-3.6.3.jar;spring-tx-5.3.17.jar;spring-hateoas-1.4.1.jar;spring-data-commons-2.6.3.jar;spring-plugin-core-2.0.0.RELEASE.jar;evo-inflector-1.3.jar;jackson-databind-2.13.2.jar;jackson-core-2.13.2.jar;jackson-annotations-2.13.2.jar;slf4j-api-1.7.36.jar;httpclient-4.5.10.jar;httpcore-4.4.15.jar;commons-codec-1.15.jar;spring-boot-starter-2.6.5.jar;spring-boot-2.6.5.jar;spring-boot-autoconfigure-2.6.5.jar;spring-boot-starter-logging-2.6.5.jar;logback-classic-1.2.11.jar;logback-core-1.2.11.jar;log4j-to-slf4j-2.17.2.jar;log4j-api-2.17.2.jar;jul-to-slf4j-1.7.36.jar;jakarta.annotation-api-1.3.5.jar;snakeyaml-1.29.jar;json-path-2.6.0.jar;json-smart-2.4.8.jar;accessors-smart-2.4.8.jar;asm-9.1.jar;spring-core-5.3.17.jar;spring-jcl-5.3.17.jar;javafx-graphics-17.0.2-ea+1.jar;javafx-graphics-17.0.2-ea+1-win.jar;javafx-base-17.0.2-ea+1.jar;javafx-base-17.0.2-ea+1-win.jar;javafx-fxml-11.0.1.jar;javafx-fxml-11.0.1-win.jar;javafx-controls-11.0.1.jar;javafx-controls-11.0.1-win.jar;javafx-weaver-spring-boot-starter-1.3.0.jar;javafx-weaver-spring-1.3.0.jar;javafx-weaver-core-1.3.0.jar;javafx-weaver-spring-boot-autoconfigure-1.3.0.jar;poi-4.1.2.jar;commons-collections4-4.4.jar;commons-math3-3.6.1.jar;SparseBitSet-1.2.jar;poi-ooxml-4.1.2.jar;poi-ooxml-schemas-4.1.2.jar;xmlbeans-3.1.0.jar;commons-compress-1.19.jar;curvesapi-1.06.jar;netty-all-4.1.51.Final.jar;netty-transport-4.1.59.Final.jar;netty-common-4.1.75.Final.jar;netty-buffer-4.1.75.Final.jar;netty-resolver-4.1.75.Final.jar" com.f1distributedsystem.f1clientapp.F1ClientAppApplication
Args length:	2181/32768 chars
Exit code:	0
